Arguments: 
  /home/lucas/.nvm/versions/node/v10.16.3/bin/node /usr/share/yarn/bin/yarn.js add express

PATH: 
  /home/lucas/.nvm/versions/node/v10.16.3/bin:/usr/local/sbin:/usr/local/bin:/usr/sbin:/usr/bin:/sbin:/bin:/usr/games:/usr/local/games",:/home/lucas/.yarn/bin:/home/lucas/.yarn/bin

Yarn version: 
  1.21.1

Node version: 
  10.16.3

Platform: 
  linux x64

Trace: 
  Error: connect EHOSTUNREACH 104.16.24.35:443
      at TCPConnectWrap.afterConnect [as oncomplete] (net.js:1106:14)

npm manifest: 
  {
    "name": "Backend-GoStack11",
    "version": "1.0.0",
    "main": "index.js",
    "repository": "https://github.com/lsm-5/Backend-GoStack11.git",
    "author": "Lucas Mendonça <lsm5@cin.ufpe.br>",
    "license": "MIT"
  }

yarn manifest: 
  No manifest

Lockfile: 
  No lockfile
